2026-02-06 07:09:14 [background-preinit] INFO  o.h.validator.internal.util.Version - HV000001: Hibernate Validator 8.0.3.Final
2026-02-06 07:09:14 [main] INFO  c.c.t.c.BookingControllerIntegrationTest - Starting BookingControllerIntegrationTest using Java 21.0.6 with PID 3496 (started by 1214 in C:\A_Test\concert_api_BSI\project\ticketing-system)
2026-02-06 07:09:14 [main] INFO  c.c.t.c.BookingControllerIntegrationTest - No active profile set, falling back to 1 default profile: "default"
2026-02-06 07:09:19 [main] INFO  o.s.d.r.c.RepositoryConfigurationDelegate - Multiple Spring Data modules found, entering strict repository configuration mode
2026-02-06 07:09:19 [main] INFO  o.s.d.r.c.RepositoryConfigurationDelegate - Bootstrapping Spring Data JPA repositories in DEFAULT mode.
2026-02-06 07:09:20 [main] INFO  o.s.d.r.c.RepositoryConfigurationDelegate - Finished Spring Data repository scanning in 938 ms. Found 7 JPA repository interfaces.
2026-02-06 07:09:20 [main] INFO  o.s.d.r.c.RepositoryConfigurationDelegate - Multiple Spring Data modules found, entering strict repository configuration mode
2026-02-06 07:09:20 [main] INFO  o.s.d.r.c.RepositoryConfigurationDelegate - Bootstrapping Spring Data Redis repositories in DEFAULT mode.
2026-02-06 07:09:20 [main] INFO  o.s.d.r.c.RepositoryConfigurationExtensionSupport - Spring Data Redis - Could not safely identify store assignment for repository candidate interface com.concert.ticketing.repositories.BookingRepository; If you want this repository to be a Redis repository, consider annotating your entities with one of these annotations: org.springframework.data.redis.core.RedisHash (preferred), or consider extending one of the following types with your repository: org.springframework.data.keyvalue.repository.KeyValueRepository
2026-02-06 07:09:20 [main] INFO  o.s.d.r.c.RepositoryConfigurationExtensionSupport - Spring Data Redis - Could not safely identify store assignment for repository candidate interface com.concert.ticketing.repositories.EventRepository; If you want this repository to be a Redis repository, consider annotating your entities with one of these annotations: org.springframework.data.redis.core.RedisHash (preferred), or consider extending one of the following types with your repository: org.springframework.data.keyvalue.repository.KeyValueRepository
2026-02-06 07:09:20 [main] INFO  o.s.d.r.c.RepositoryConfigurationExtensionSupport - Spring Data Redis - Could not safely identify store assignment for repository candidate interface com.concert.ticketing.repositories.LedgerRepository; If you want this repository to be a Redis repository, consider annotating your entities with one of these annotations: org.springframework.data.redis.core.RedisHash (preferred), or consider extending one of the following types with your repository: org.springframework.data.keyvalue.repository.KeyValueRepository
2026-02-06 07:09:20 [main] INFO  o.s.d.r.c.RepositoryConfigurationExtensionSupport - Spring Data Redis - Could not safely identify store assignment for repository candidate interface com.concert.ticketing.repositories.PaymentRepository; If you want this repository to be a Redis repository, consider annotating your entities with one of these annotations: org.springframework.data.redis.core.RedisHash (preferred), or consider extending one of the following types with your repository: org.springframework.data.keyvalue.repository.KeyValueRepository
2026-02-06 07:09:20 [main] INFO  o.s.d.r.c.RepositoryConfigurationExtensionSupport - Spring Data Redis - Could not safely identify store assignment for repository candidate interface com.concert.ticketing.repositories.TicketCategoryRepository; If you want this repository to be a Redis repository, consider annotating your entities with one of these annotations: org.springframework.data.redis.core.RedisHash (preferred), or consider extending one of the following types with your repository: org.springframework.data.keyvalue.repository.KeyValueRepository
2026-02-06 07:09:20 [main] INFO  o.s.d.r.c.RepositoryConfigurationExtensionSupport - Spring Data Redis - Could not safely identify store assignment for repository candidate interface com.concert.ticketing.repositories.UserRepository; If you want this repository to be a Redis repository, consider annotating your entities with one of these annotations: org.springframework.data.redis.core.RedisHash (preferred), or consider extending one of the following types with your repository: org.springframework.data.keyvalue.repository.KeyValueRepository
2026-02-06 07:09:20 [main] INFO  o.s.d.r.c.RepositoryConfigurationExtensionSupport - Spring Data Redis - Could not safely identify store assignment for repository candidate interface com.concert.ticketing.repositories.VenueRepository; If you want this repository to be a Redis repository, consider annotating your entities with one of these annotations: org.springframework.data.redis.core.RedisHash (preferred), or consider extending one of the following types with your repository: org.springframework.data.keyvalue.repository.KeyValueRepository
2026-02-06 07:09:20 [main] INFO  o.s.d.r.c.RepositoryConfigurationDelegate - Finished Spring Data repository scanning in 75 ms. Found 0 Redis repository interfaces.
2026-02-06 07:09:24 [main] INFO  com.zaxxer.hikari.HikariDataSource - HikariPool - Starting...
2026-02-06 07:09:25 [main] INFO  com.zaxxer.hikari.pool.HikariPool - HikariPool - Added connection org.postgresql.jdbc.PgConnection@5157d57c
2026-02-06 07:09:25 [main] INFO  com.zaxxer.hikari.HikariDataSource - HikariPool - Start completed.
2026-02-06 07:09:25 [main] INFO  org.flywaydb.core.FlywayExecutor - Database: jdbc:postgresql://localhost:53285/test?loggerLevel=OFF (PostgreSQL 15.15)
2026-02-06 07:09:25 [main] INFO  org.flywaydb.core.Flyway - All configured schemas are empty; baseline operation skipped. A baseline or migration script with a lower version than the baseline version may execute if available. Check the Schemas parameter if this is not intended.
2026-02-06 07:09:25 [main] INFO  o.f.c.i.s.JdbcTableSchemaHistory - Creating Schema History table "public"."flyway_schema_history" ...
2026-02-06 07:09:25 [main] INFO  o.f.core.internal.command.DbMigrate - Current version of schema "public": << Empty Schema >>
2026-02-06 07:09:26 [main] INFO  o.f.core.internal.command.DbMigrate - Migrating schema "public" to version "1 - initial schema"
2026-02-06 07:09:26 [main] INFO  o.f.core.internal.command.DbMigrate - Migrating schema "public" to version "2 - seed data"
2026-02-06 07:09:26 [main] INFO  o.f.core.internal.command.DbMigrate - Migrating schema "public" to version "3 - add concert id to ledger entries"
2026-02-06 07:09:26 [main] INFO  o.f.core.internal.command.DbMigrate - Successfully applied 3 migrations to schema "public", now at version v3 (execution time 00:00.372s)
2026-02-06 07:09:27 [main] INFO  o.h.jpa.internal.util.LogHelper - HHH000204: Processing PersistenceUnitInfo [name: default]
2026-02-06 07:09:28 [main] INFO  org.hibernate.Version - HHH000412: Hibernate ORM core version 6.6.41.Final
2026-02-06 07:09:28 [main] INFO  o.h.c.i.RegionFactoryInitiator - HHH000026: Second-level cache disabled
2026-02-06 07:09:30 [main] INFO  o.s.o.j.p.SpringPersistenceUnitInfo - No LoadTimeWeaver setup: ignoring JPA class transformer
2026-02-06 07:12:30 [background-preinit] INFO  o.h.validator.internal.util.Version - HV000001: Hibernate Validator 8.0.3.Final
2026-02-06 07:12:30 [main] INFO  c.c.t.c.BookingControllerIntegrationTest - Starting BookingControllerIntegrationTest using Java 21.0.6 with PID 3112 (started by 1214 in C:\A_Test\concert_api_BSI\project\ticketing-system)
2026-02-06 07:12:30 [main] INFO  c.c.t.c.BookingControllerIntegrationTest - No active profile set, falling back to 1 default profile: "default"
2026-02-06 07:29:54 [background-preinit] INFO  o.h.validator.internal.util.Version - HV000001: Hibernate Validator 8.0.3.Final
2026-02-06 07:29:55 [main] INFO  c.c.t.ConcertTicketBookingApplication - Starting ConcertTicketBookingApplication using Java 21.0.6 with PID 24932 (C:\A_Test\concert_api_BSI\project\ticketing-system\target\classes started by 1214 in C:\A_Test\concert_api_BSI\project\ticketing-system)
2026-02-06 07:29:55 [main] INFO  c.c.t.ConcertTicketBookingApplication - No active profile set, falling back to 1 default profile: "default"
2026-02-06 07:29:59 [main] INFO  o.s.d.r.c.RepositoryConfigurationDelegate - Multiple Spring Data modules found, entering strict repository configuration mode
2026-02-06 07:29:59 [main] INFO  o.s.d.r.c.RepositoryConfigurationDelegate - Bootstrapping Spring Data JPA repositories in DEFAULT mode.
2026-02-06 07:29:59 [main] INFO  o.s.d.r.c.RepositoryConfigurationDelegate - Finished Spring Data repository scanning in 851 ms. Found 7 JPA repository interfaces.
2026-02-06 07:30:00 [main] INFO  o.s.d.r.c.RepositoryConfigurationDelegate - Multiple Spring Data modules found, entering strict repository configuration mode
2026-02-06 07:30:00 [main] INFO  o.s.d.r.c.RepositoryConfigurationDelegate - Bootstrapping Spring Data Redis repositories in DEFAULT mode.
2026-02-06 07:30:00 [main] INFO  o.s.d.r.c.RepositoryConfigurationExtensionSupport - Spring Data Redis - Could not safely identify store assignment for repository candidate interface com.concert.ticketing.repositories.BookingRepository; If you want this repository to be a Redis repository, consider annotating your entities with one of these annotations: org.springframework.data.redis.core.RedisHash (preferred), or consider extending one of the following types with your repository: org.springframework.data.keyvalue.repository.KeyValueRepository
2026-02-06 07:30:00 [main] INFO  o.s.d.r.c.RepositoryConfigurationExtensionSupport - Spring Data Redis - Could not safely identify store assignment for repository candidate interface com.concert.ticketing.repositories.EventRepository; If you want this repository to be a Redis repository, consider annotating your entities with one of these annotations: org.springframework.data.redis.core.RedisHash (preferred), or consider extending one of the following types with your repository: org.springframework.data.keyvalue.repository.KeyValueRepository
2026-02-06 07:30:00 [main] INFO  o.s.d.r.c.RepositoryConfigurationExtensionSupport - Spring Data Redis - Could not safely identify store assignment for repository candidate interface com.concert.ticketing.repositories.LedgerRepository; If you want this repository to be a Redis repository, consider annotating your entities with one of these annotations: org.springframework.data.redis.core.RedisHash (preferred), or consider extending one of the following types with your repository: org.springframework.data.keyvalue.repository.KeyValueRepository
2026-02-06 07:30:00 [main] INFO  o.s.d.r.c.RepositoryConfigurationExtensionSupport - Spring Data Redis - Could not safely identify store assignment for repository candidate interface com.concert.ticketing.repositories.PaymentRepository; If you want this repository to be a Redis repository, consider annotating your entities with one of these annotations: org.springframework.data.redis.core.RedisHash (preferred), or consider extending one of the following types with your repository: org.springframework.data.keyvalue.repository.KeyValueRepository
2026-02-06 07:30:00 [main] INFO  o.s.d.r.c.RepositoryConfigurationExtensionSupport - Spring Data Redis - Could not safely identify store assignment for repository candidate interface com.concert.ticketing.repositories.TicketCategoryRepository; If you want this repository to be a Redis repository, consider annotating your entities with one of these annotations: org.springframework.data.redis.core.RedisHash (preferred), or consider extending one of the following types with your repository: org.springframework.data.keyvalue.repository.KeyValueRepository
2026-02-06 07:30:00 [main] INFO  o.s.d.r.c.RepositoryConfigurationExtensionSupport - Spring Data Redis - Could not safely identify store assignment for repository candidate interface com.concert.ticketing.repositories.UserRepository; If you want this repository to be a Redis repository, consider annotating your entities with one of these annotations: org.springframework.data.redis.core.RedisHash (preferred), or consider extending one of the following types with your repository: org.springframework.data.keyvalue.repository.KeyValueRepository
2026-02-06 07:30:00 [main] INFO  o.s.d.r.c.RepositoryConfigurationExtensionSupport - Spring Data Redis - Could not safely identify store assignment for repository candidate interface com.concert.ticketing.repositories.VenueRepository; If you want this repository to be a Redis repository, consider annotating your entities with one of these annotations: org.springframework.data.redis.core.RedisHash (preferred), or consider extending one of the following types with your repository: org.springframework.data.keyvalue.repository.KeyValueRepository
2026-02-06 07:30:00 [main] INFO  o.s.d.r.c.RepositoryConfigurationDelegate - Finished Spring Data repository scanning in 65 ms. Found 0 Redis repository interfaces.
2026-02-06 07:30:02 [main] INFO  o.s.b.w.e.tomcat.TomcatWebServer - Tomcat initialized with port 8080 (http)
2026-02-06 07:30:02 [main] INFO  o.a.coyote.http11.Http11NioProtocol - Initializing ProtocolHandler ["http-nio-8080"]
2026-02-06 07:30:02 [main] INFO  o.a.catalina.core.StandardService - Starting service [Tomcat]
2026-02-06 07:30:02 [main] INFO  o.a.catalina.core.StandardEngine - Starting Servlet engine: [Apache Tomcat/10.1.50]
2026-02-06 07:30:03 [main] INFO  o.a.c.c.C.[Tomcat].[localhost].[/] - Initializing Spring embedded WebApplicationContext
2026-02-06 07:30:03 [main] INFO  o.s.b.w.s.c.ServletWebServerApplicationContext - Root WebApplicationContext: initialization completed in 7840 ms
2026-02-06 07:30:03 [main] INFO  c.concert.ticketing.utils.JwtUtils - JwtUtils initialized with a new SecretKey
2026-02-06 07:30:05 [main] INFO  com.zaxxer.hikari.HikariDataSource - HikariPool - Starting...
2026-02-06 07:30:06 [main] INFO  com.zaxxer.hikari.pool.HikariPool - HikariPool - Added connection org.postgresql.jdbc.PgConnection@e1a150c
2026-02-06 07:30:06 [main] INFO  com.zaxxer.hikari.HikariDataSource - HikariPool - Start completed.
2026-02-06 07:30:06 [main] INFO  org.flywaydb.core.FlywayExecutor - Database: jdbc:postgresql://localhost:5431/concert (PostgreSQL 18.0)
2026-02-06 07:30:06 [main] WARN  o.f.c.i.database.base.Database - Flyway upgrade recommended: PostgreSQL 18.0 is newer than this version of Flyway and support has not been tested. The latest supported version of PostgreSQL is 17.
2026-02-06 07:30:06 [main] INFO  o.f.core.internal.command.DbMigrate - Current version of schema "public": 3
2026-02-06 07:30:06 [main] INFO  o.f.core.internal.command.DbMigrate - Schema "public" is up to date. No migration necessary.
2026-02-06 07:30:06 [main] INFO  o.h.jpa.internal.util.LogHelper - HHH000204: Processing PersistenceUnitInfo [name: default]
2026-02-06 07:30:07 [main] INFO  org.hibernate.Version - HHH000412: Hibernate ORM core version 6.6.41.Final
2026-02-06 07:30:07 [main] INFO  o.h.c.i.RegionFactoryInitiator - HHH000026: Second-level cache disabled
2026-02-06 07:30:08 [main] INFO  o.s.o.j.p.SpringPersistenceUnitInfo - No LoadTimeWeaver setup: ignoring JPA class transformer
2026-02-06 07:30:08 [main] INFO  o.hibernate.orm.connections.pooling - HHH10001005: Database info:
	Database JDBC URL [Connecting through datasource 'HikariDataSource (HikariPool)']
	Database driver: undefined/unknown
	Database version: 18.0
	Autocommit mode: undefined/unknown
	Isolation level: undefined/unknown
	Minimum pool size: undefined/unknown
	Maximum pool size: undefined/unknown
2026-02-06 07:30:13 [main] INFO  o.h.e.t.j.p.i.JtaPlatformInitiator - HHH000489: No JTA platform available (set 'hibernate.transaction.jta.platform' to enable JTA platform integration)
2026-02-06 07:30:13 [main] INFO  o.s.o.j.LocalContainerEntityManagerFactoryBean - Initialized JPA EntityManagerFactory for persistence unit 'default'
2026-02-06 07:30:15 [main] INFO  o.s.d.j.r.query.QueryEnhancerFactory - Hibernate is in classpath; If applicable, HQL parser will be used.
2026-02-06 07:30:18 [main] INFO  o.s.s.c.a.a.c.InitializeUserDetailsBeanManagerConfigurer$InitializeUserDetailsManagerConfigurer - Global AuthenticationManager configured with UserDetailsService bean with name customUserDetailsService
2026-02-06 07:30:27 [main] INFO  o.a.k.c.admin.AdminClientConfig - AdminClientConfig values: 
	auto.include.jmx.reporter = true
	bootstrap.controllers = []
	bootstrap.servers = [localhost:9092]
	client.dns.lookup = use_all_dns_ips
	client.id = Concert Ticket Booking-admin-0
	connections.max.idle.ms = 300000
	default.api.timeout.ms = 60000
	enable.metrics.push = true
	metadata.max.age.ms = 300000
	metadata.recovery.strategy = none
	metric.reporters = []
	metrics.num.samples = 2
	metrics.recording.level = INFO
	metrics.sample.window.ms = 30000
	receive.buffer.bytes = 65536
	reconnect.backoff.max.ms = 1000
	reconnect.backoff.ms = 50
	request.timeout.ms = 30000
	retries = 2147483647
	retry.backoff.max.ms = 1000
	retry.backoff.ms = 100
	sasl.client.callback.handler.class = null
	sasl.jaas.config = null
	sasl.kerberos.kinit.cmd = /usr/bin/kinit
	sasl.kerberos.min.time.before.relogin = 60000
	sasl.kerberos.service.name = null
	sasl.kerberos.ticket.renew.jitter = 0.05
	sasl.kerberos.ticket.renew.window.factor = 0.8
	sasl.login.callback.handler.class = null
	sasl.login.class = null
	sasl.login.connect.timeout.ms = null
	sasl.login.read.timeout.ms = null
	sasl.login.refresh.buffer.seconds = 300
	sasl.login.refresh.min.period.seconds = 60
	sasl.login.refresh.window.factor = 0.8
	sasl.login.refresh.window.jitter = 0.05
	sasl.login.retry.backoff.max.ms = 10000
	sasl.login.retry.backoff.ms = 100
	sasl.mechanism = GSSAPI
	sasl.oauthbearer.clock.skew.seconds = 30
	sasl.oauthbearer.expected.audience = null
	sasl.oauthbearer.expected.issuer = null
	sasl.oauthbearer.header.urlencode = false
	sasl.oauthbearer.jwks.endpoint.refresh.ms = 3600000
	sasl.oauthbearer.jwks.endpoint.retry.backoff.max.ms = 10000
	sasl.oauthbearer.jwks.endpoint.retry.backoff.ms = 100
	sasl.oauthbearer.jwks.endpoint.url = null
	sasl.oauthbearer.scope.claim.name = scope
	sasl.oauthbearer.sub.claim.name = sub
	sasl.oauthbearer.token.endpoint.url = null
	security.protocol = PLAINTEXT
	security.providers = null
	send.buffer.bytes = 131072
	socket.connection.setup.timeout.max.ms = 30000
	socket.connection.setup.timeout.ms = 10000
	ssl.cipher.suites = null
	ssl.enabled.protocols = [TLSv1.2, TLSv1.3]
	ssl.endpoint.identification.algorithm = https
	ssl.engine.factory.class = null
	ssl.key.password = null
	ssl.keymanager.algorithm = SunX509
	ssl.keystore.certificate.chain = null
	ssl.keystore.key = null
	ssl.keystore.location = null
	ssl.keystore.password = null
	ssl.keystore.type = JKS
	ssl.protocol = TLSv1.3
	ssl.provider = null
	ssl.secure.random.implementation = null
	ssl.trustmanager.algorithm = PKIX
	ssl.truststore.certificates = null
	ssl.truststore.location = null
	ssl.truststore.password = null
	ssl.truststore.type = JKS

2026-02-06 07:30:28 [main] INFO  o.a.kafka.common.utils.AppInfoParser - Kafka version: 3.9.1
2026-02-06 07:30:28 [main] INFO  o.a.kafka.common.utils.AppInfoParser - Kafka commitId: f745dfdcee2b9851
2026-02-06 07:30:28 [main] INFO  o.a.kafka.common.utils.AppInfoParser - Kafka startTimeMs: 1770337828085
2026-02-06 07:30:28 [kafka-admin-client-thread | Concert Ticket Booking-admin-0] INFO  o.apache.kafka.clients.NetworkClient - [AdminClient clientId=Concert Ticket Booking-admin-0] Node -1 disconnected.
2026-02-06 07:30:28 [kafka-admin-client-thread | Concert Ticket Booking-admin-0] WARN  o.apache.kafka.clients.NetworkClient - [AdminClient clientId=Concert Ticket Booking-admin-0] Connection to node -1 (localhost/127.0.0.1:9092) could not be established. Node may not be available.
2026-02-06 07:30:28 [kafka-admin-client-thread | Concert Ticket Booking-admin-0] INFO  o.apache.kafka.clients.NetworkClient - [AdminClient clientId=Concert Ticket Booking-admin-0] Node -1 disconnected.
2026-02-06 07:30:28 [kafka-admin-client-thread | Concert Ticket Booking-admin-0] WARN  o.apache.kafka.clients.NetworkClient - [AdminClient clientId=Concert Ticket Booking-admin-0] Connection to node -1 (localhost/127.0.0.1:9092) could not be established. Node may not be available.
2026-02-06 07:30:28 [kafka-admin-client-thread | Concert Ticket Booking-admin-0] INFO  o.apache.kafka.clients.NetworkClient - [AdminClient clientId=Concert Ticket Booking-admin-0] Node -1 disconnected.
2026-02-06 07:30:28 [kafka-admin-client-thread | Concert Ticket Booking-admin-0] WARN  o.apache.kafka.clients.NetworkClient - [AdminClient clientId=Concert Ticket Booking-admin-0] Connection to node -1 (localhost/127.0.0.1:9092) could not be established. Node may not be available.
2026-02-06 07:30:28 [kafka-admin-client-thread | Concert Ticket Booking-admin-0] INFO  o.apache.kafka.clients.NetworkClient - [AdminClient clientId=Concert Ticket Booking-admin-0] Node -1 disconnected.
2026-02-06 07:30:28 [kafka-admin-client-thread | Concert Ticket Booking-admin-0] WARN  o.apache.kafka.clients.NetworkClient - [AdminClient clientId=Concert Ticket Booking-admin-0] Connection to node -1 (localhost/127.0.0.1:9092) could not be established. Node may not be available.
2026-02-06 07:30:29 [kafka-admin-client-thread | Concert Ticket Booking-admin-0] INFO  o.apache.kafka.clients.NetworkClient - [AdminClient clientId=Concert Ticket Booking-admin-0] Node -1 disconnected.
2026-02-06 07:30:29 [kafka-admin-client-thread | Concert Ticket Booking-admin-0] WARN  o.apache.kafka.clients.NetworkClient - [AdminClient clientId=Concert Ticket Booking-admin-0] Connection to node -1 (localhost/127.0.0.1:9092) could not be established. Node may not be available.
2026-02-06 07:30:30 [kafka-admin-client-thread | Concert Ticket Booking-admin-0] INFO  o.apache.kafka.clients.NetworkClient - [AdminClient clientId=Concert Ticket Booking-admin-0] Node -1 disconnected.
2026-02-06 07:30:30 [kafka-admin-client-thread | Concert Ticket Booking-admin-0] WARN  o.apache.kafka.clients.NetworkClient - [AdminClient clientId=Concert Ticket Booking-admin-0] Connection to node -1 (localhost/127.0.0.1:9092) could not be established. Node may not be available.
2026-02-06 07:30:31 [kafka-admin-client-thread | Concert Ticket Booking-admin-0] INFO  o.apache.kafka.clients.NetworkClient - [AdminClient clientId=Concert Ticket Booking-admin-0] Node -1 disconnected.
2026-02-06 07:30:31 [kafka-admin-client-thread | Concert Ticket Booking-admin-0] WARN  o.apache.kafka.clients.NetworkClient - [AdminClient clientId=Concert Ticket Booking-admin-0] Connection to node -1 (localhost/127.0.0.1:9092) could not be established. Node may not be available.
2026-02-06 07:30:32 [kafka-admin-client-thread | Concert Ticket Booking-admin-0] INFO  o.apache.kafka.clients.NetworkClient - [AdminClient clientId=Concert Ticket Booking-admin-0] Node -1 disconnected.
2026-02-06 07:30:32 [kafka-admin-client-thread | Concert Ticket Booking-admin-0] WARN  o.apache.kafka.clients.NetworkClient - [AdminClient clientId=Concert Ticket Booking-admin-0] Connection to node -1 (localhost/127.0.0.1:9092) could not be established. Node may not be available.
2026-02-06 07:30:33 [kafka-admin-client-thread | Concert Ticket Booking-admin-0] INFO  o.apache.kafka.clients.NetworkClient - [AdminClient clientId=Concert Ticket Booking-admin-0] Node -1 disconnected.
2026-02-06 07:30:33 [kafka-admin-client-thread | Concert Ticket Booking-admin-0] WARN  o.apache.kafka.clients.NetworkClient - [AdminClient clientId=Concert Ticket Booking-admin-0] Connection to node -1 (localhost/127.0.0.1:9092) could not be established. Node may not be available.
2026-02-06 07:30:34 [kafka-admin-client-thread | Concert Ticket Booking-admin-0] INFO  o.apache.kafka.clients.NetworkClient - [AdminClient clientId=Concert Ticket Booking-admin-0] Node -1 disconnected.
2026-02-06 07:30:34 [kafka-admin-client-thread | Concert Ticket Booking-admin-0] WARN  o.apache.kafka.clients.NetworkClient - [AdminClient clientId=Concert Ticket Booking-admin-0] Connection to node -1 (localhost/127.0.0.1:9092) could not be established. Node may not be available.
2026-02-06 07:30:35 [kafka-admin-client-thread | Concert Ticket Booking-admin-0] INFO  o.apache.kafka.clients.NetworkClient - [AdminClient clientId=Concert Ticket Booking-admin-0] Node -1 disconnected.
2026-02-06 07:30:35 [kafka-admin-client-thread | Concert Ticket Booking-admin-0] WARN  o.apache.kafka.clients.NetworkClient - [AdminClient clientId=Concert Ticket Booking-admin-0] Connection to node -1 (localhost/127.0.0.1:9092) could not be established. Node may not be available.
2026-02-06 07:30:36 [kafka-admin-client-thread | Concert Ticket Booking-admin-0] INFO  o.apache.kafka.clients.NetworkClient - [AdminClient clientId=Concert Ticket Booking-admin-0] Node -1 disconnected.
2026-02-06 07:30:36 [kafka-admin-client-thread | Concert Ticket Booking-admin-0] WARN  o.apache.kafka.clients.NetworkClient - [AdminClient clientId=Concert Ticket Booking-admin-0] Connection to node -1 (localhost/127.0.0.1:9092) could not be established. Node may not be available.
2026-02-06 07:30:37 [kafka-admin-client-thread | Concert Ticket Booking-admin-0] INFO  o.apache.kafka.clients.NetworkClient - [AdminClient clientId=Concert Ticket Booking-admin-0] Node -1 disconnected.
2026-02-06 07:30:37 [kafka-admin-client-thread | Concert Ticket Booking-admin-0] WARN  o.apache.kafka.clients.NetworkClient - [AdminClient clientId=Concert Ticket Booking-admin-0] Connection to node -1 (localhost/127.0.0.1:9092) could not be established. Node may not be available.
2026-02-06 07:30:38 [kafka-admin-client-thread | Concert Ticket Booking-admin-0] INFO  o.apache.kafka.clients.NetworkClient - [AdminClient clientId=Concert Ticket Booking-admin-0] Node -1 disconnected.
2026-02-06 07:30:38 [kafka-admin-client-thread | Concert Ticket Booking-admin-0] WARN  o.apache.kafka.clients.NetworkClient - [AdminClient clientId=Concert Ticket Booking-admin-0] Connection to node -1 (localhost/127.0.0.1:9092) could not be established. Node may not be available.
2026-02-06 07:30:39 [kafka-admin-client-thread | Concert Ticket Booking-admin-0] INFO  o.apache.kafka.clients.NetworkClient - [AdminClient clientId=Concert Ticket Booking-admin-0] Node -1 disconnected.
2026-02-06 07:30:39 [kafka-admin-client-thread | Concert Ticket Booking-admin-0] WARN  o.apache.kafka.clients.NetworkClient - [AdminClient clientId=Concert Ticket Booking-admin-0] Connection to node -1 (localhost/127.0.0.1:9092) could not be established. Node may not be available.
2026-02-06 07:30:40 [kafka-admin-client-thread | Concert Ticket Booking-admin-0] INFO  o.apache.kafka.clients.NetworkClient - [AdminClient clientId=Concert Ticket Booking-admin-0] Node -1 disconnected.
2026-02-06 07:30:40 [kafka-admin-client-thread | Concert Ticket Booking-admin-0] WARN  o.apache.kafka.clients.NetworkClient - [AdminClient clientId=Concert Ticket Booking-admin-0] Connection to node -1 (localhost/127.0.0.1:9092) could not be established. Node may not be available.
2026-02-06 07:30:41 [kafka-admin-client-thread | Concert Ticket Booking-admin-0] INFO  o.apache.kafka.clients.NetworkClient - [AdminClient clientId=Concert Ticket Booking-admin-0] Node -1 disconnected.
2026-02-06 07:30:41 [kafka-admin-client-thread | Concert Ticket Booking-admin-0] WARN  o.apache.kafka.clients.NetworkClient - [AdminClient clientId=Concert Ticket Booking-admin-0] Connection to node -1 (localhost/127.0.0.1:9092) could not be established. Node may not be available.
2026-02-06 07:30:42 [kafka-admin-client-thread | Concert Ticket Booking-admin-0] INFO  o.apache.kafka.clients.NetworkClient - [AdminClient clientId=Concert Ticket Booking-admin-0] Node -1 disconnected.
2026-02-06 07:30:42 [kafka-admin-client-thread | Concert Ticket Booking-admin-0] WARN  o.apache.kafka.clients.NetworkClient - [AdminClient clientId=Concert Ticket Booking-admin-0] Connection to node -1 (localhost/127.0.0.1:9092) could not be established. Node may not be available.
2026-02-06 07:30:43 [kafka-admin-client-thread | Concert Ticket Booking-admin-0] INFO  o.apache.kafka.clients.NetworkClient - [AdminClient clientId=Concert Ticket Booking-admin-0] Node -1 disconnected.
2026-02-06 07:30:43 [kafka-admin-client-thread | Concert Ticket Booking-admin-0] WARN  o.apache.kafka.clients.NetworkClient - [AdminClient clientId=Concert Ticket Booking-admin-0] Connection to node -1 (localhost/127.0.0.1:9092) could not be established. Node may not be available.
2026-02-06 07:30:44 [kafka-admin-client-thread | Concert Ticket Booking-admin-0] INFO  o.apache.kafka.clients.NetworkClient - [AdminClient clientId=Concert Ticket Booking-admin-0] Node -1 disconnected.
2026-02-06 07:30:44 [kafka-admin-client-thread | Concert Ticket Booking-admin-0] WARN  o.apache.kafka.clients.NetworkClient - [AdminClient clientId=Concert Ticket Booking-admin-0] Connection to node -1 (localhost/127.0.0.1:9092) could not be established. Node may not be available.
2026-02-06 07:30:45 [kafka-admin-client-thread | Concert Ticket Booking-admin-0] INFO  o.apache.kafka.clients.NetworkClient - [AdminClient clientId=Concert Ticket Booking-admin-0] Node -1 disconnected.
2026-02-06 07:30:45 [kafka-admin-client-thread | Concert Ticket Booking-admin-0] WARN  o.apache.kafka.clients.NetworkClient - [AdminClient clientId=Concert Ticket Booking-admin-0] Connection to node -1 (localhost/127.0.0.1:9092) could not be established. Node may not be available.
2026-02-06 07:30:46 [kafka-admin-client-thread | Concert Ticket Booking-admin-0] INFO  o.apache.kafka.clients.NetworkClient - [AdminClient clientId=Concert Ticket Booking-admin-0] Node -1 disconnected.
2026-02-06 07:30:46 [kafka-admin-client-thread | Concert Ticket Booking-admin-0] WARN  o.apache.kafka.clients.NetworkClient - [AdminClient clientId=Concert Ticket Booking-admin-0] Connection to node -1 (localhost/127.0.0.1:9092) could not be established. Node may not be available.
2026-02-06 07:30:47 [kafka-admin-client-thread | Concert Ticket Booking-admin-0] INFO  o.apache.kafka.clients.NetworkClient - [AdminClient clientId=Concert Ticket Booking-admin-0] Node -1 disconnected.
2026-02-06 07:30:47 [kafka-admin-client-thread | Concert Ticket Booking-admin-0] WARN  o.apache.kafka.clients.NetworkClient - [AdminClient clientId=Concert Ticket Booking-admin-0] Connection to node -1 (localhost/127.0.0.1:9092) could not be established. Node may not be available.
2026-02-06 07:30:48 [kafka-admin-client-thread | Concert Ticket Booking-admin-0] INFO  o.apache.kafka.clients.NetworkClient - [AdminClient clientId=Concert Ticket Booking-admin-0] Node -1 disconnected.
2026-02-06 07:30:48 [kafka-admin-client-thread | Concert Ticket Booking-admin-0] WARN  o.apache.kafka.clients.NetworkClient - [AdminClient clientId=Concert Ticket Booking-admin-0] Connection to node -1 (localhost/127.0.0.1:9092) could not be established. Node may not be available.
2026-02-06 07:30:49 [kafka-admin-client-thread | Concert Ticket Booking-admin-0] INFO  o.apache.kafka.clients.NetworkClient - [AdminClient clientId=Concert Ticket Booking-admin-0] Node -1 disconnected.
2026-02-06 07:30:49 [kafka-admin-client-thread | Concert Ticket Booking-admin-0] WARN  o.apache.kafka.clients.NetworkClient - [AdminClient clientId=Concert Ticket Booking-admin-0] Connection to node -1 (localhost/127.0.0.1:9092) could not be established. Node may not be available.
2026-02-06 07:30:50 [kafka-admin-client-thread | Concert Ticket Booking-admin-0] INFO  o.apache.kafka.clients.NetworkClient - [AdminClient clientId=Concert Ticket Booking-admin-0] Node -1 disconnected.
2026-02-06 07:30:50 [kafka-admin-client-thread | Concert Ticket Booking-admin-0] WARN  o.apache.kafka.clients.NetworkClient - [AdminClient clientId=Concert Ticket Booking-admin-0] Connection to node -1 (localhost/127.0.0.1:9092) could not be established. Node may not be available.
2026-02-06 07:30:51 [kafka-admin-client-thread | Concert Ticket Booking-admin-0] INFO  o.apache.kafka.clients.NetworkClient - [AdminClient clientId=Concert Ticket Booking-admin-0] Node -1 disconnected.
2026-02-06 07:30:51 [kafka-admin-client-thread | Concert Ticket Booking-admin-0] WARN  o.apache.kafka.clients.NetworkClient - [AdminClient clientId=Concert Ticket Booking-admin-0] Connection to node -1 (localhost/127.0.0.1:9092) could not be established. Node may not be available.
2026-02-06 07:30:52 [kafka-admin-client-thread | Concert Ticket Booking-admin-0] INFO  o.apache.kafka.clients.NetworkClient - [AdminClient clientId=Concert Ticket Booking-admin-0] Node -1 disconnected.
2026-02-06 07:30:52 [kafka-admin-client-thread | Concert Ticket Booking-admin-0] WARN  o.apache.kafka.clients.NetworkClient - [AdminClient clientId=Concert Ticket Booking-admin-0] Connection to node -1 (localhost/127.0.0.1:9092) could not be established. Node may not be available.
2026-02-06 07:30:53 [kafka-admin-client-thread | Concert Ticket Booking-admin-0] INFO  o.apache.kafka.clients.NetworkClient - [AdminClient clientId=Concert Ticket Booking-admin-0] Node -1 disconnected.
2026-02-06 07:30:53 [kafka-admin-client-thread | Concert Ticket Booking-admin-0] WARN  o.apache.kafka.clients.NetworkClient - [AdminClient clientId=Concert Ticket Booking-admin-0] Connection to node -1 (localhost/127.0.0.1:9092) could not be established. Node may not be available.
2026-02-06 07:30:54 [kafka-admin-client-thread | Concert Ticket Booking-admin-0] INFO  o.apache.kafka.clients.NetworkClient - [AdminClient clientId=Concert Ticket Booking-admin-0] Node -1 disconnected.
2026-02-06 07:30:54 [kafka-admin-client-thread | Concert Ticket Booking-admin-0] WARN  o.apache.kafka.clients.NetworkClient - [AdminClient clientId=Concert Ticket Booking-admin-0] Connection to node -1 (localhost/127.0.0.1:9092) could not be established. Node may not be available.
2026-02-06 07:30:55 [kafka-admin-client-thread | Concert Ticket Booking-admin-0] INFO  o.apache.kafka.clients.NetworkClient - [AdminClient clientId=Concert Ticket Booking-admin-0] Node -1 disconnected.
2026-02-06 07:30:55 [kafka-admin-client-thread | Concert Ticket Booking-admin-0] WARN  o.apache.kafka.clients.NetworkClient - [AdminClient clientId=Concert Ticket Booking-admin-0] Connection to node -1 (localhost/127.0.0.1:9092) could not be established. Node may not be available.
2026-02-06 07:30:56 [kafka-admin-client-thread | Concert Ticket Booking-admin-0] INFO  o.apache.kafka.clients.NetworkClient - [AdminClient clientId=Concert Ticket Booking-admin-0] Node -1 disconnected.
2026-02-06 07:30:56 [kafka-admin-client-thread | Concert Ticket Booking-admin-0] WARN  o.apache.kafka.clients.NetworkClient - [AdminClient clientId=Concert Ticket Booking-admin-0] Connection to node -1 (localhost/127.0.0.1:9092) could not be established. Node may not be available.
2026-02-06 07:30:56 [kafka-admin-client-thread | Concert Ticket Booking-admin-0] INFO  o.apache.kafka.clients.NetworkClient - [AdminClient clientId=Concert Ticket Booking-admin-0] Node -1 disconnected.
2026-02-06 07:30:56 [kafka-admin-client-thread | Concert Ticket Booking-admin-0] WARN  o.apache.kafka.clients.NetworkClient - [AdminClient clientId=Concert Ticket Booking-admin-0] Connection to node -1 (localhost/127.0.0.1:9092) could not be established. Node may not be available.
2026-02-06 07:30:57 [kafka-admin-client-thread | Concert Ticket Booking-admin-0] INFO  o.apache.kafka.clients.NetworkClient - [AdminClient clientId=Concert Ticket Booking-admin-0] Node -1 disconnected.
2026-02-06 07:30:57 [kafka-admin-client-thread | Concert Ticket Booking-admin-0] WARN  o.apache.kafka.clients.NetworkClient - [AdminClient clientId=Concert Ticket Booking-admin-0] Connection to node -1 (localhost/127.0.0.1:9092) could not be established. Node may not be available.
2026-02-06 07:30:58 [kafka-admin-client-thread | Concert Ticket Booking-admin-0] INFO  o.a.k.c.a.i.AdminMetadataManager - [AdminClient clientId=Concert Ticket Booking-admin-0] Metadata update failed
org.apache.kafka.common.errors.TimeoutException: Timed out waiting for a node assignment. Call: fetchMetadata
2026-02-06 07:30:58 [main] ERROR o.s.kafka.core.KafkaAdmin - Could not configure topics
java.util.concurrent.TimeoutException
	at java.base/java.util.concurrent.CompletableFuture.timedGet(CompletableFuture.java:1960)
	at java.base/java.util.concurrent.CompletableFuture.get(CompletableFuture.java:2095)
	at org.apache.kafka.common.internals.KafkaFutureImpl.get(KafkaFutureImpl.java:183)
	at org.springframework.kafka.core.KafkaAdmin.updateClusterId(KafkaAdmin.java:305)
	at org.springframework.kafka.core.KafkaAdmin.initialize(KafkaAdmin.java:276)
	at org.springframework.kafka.core.KafkaAdmin.afterSingletonsInstantiated(KafkaAdmin.java:246)
	at org.springframework.beans.factory.support.DefaultListableBeanFactory.preInstantiateSingletons(DefaultListableBeanFactory.java:1156)
	at org.springframework.context.support.AbstractApplicationContext.finishBeanFactoryInitialization(AbstractApplicationContext.java:990)
	at org.springframework.context.support.AbstractApplicationContext.refresh(AbstractApplicationContext.java:627)
	at org.springframework.boot.web.servlet.context.ServletWebServerApplicationContext.refresh(ServletWebServerApplicationContext.java:146)
	at org.springframework.boot.SpringApplication.refresh(SpringApplication.java:752)
	at org.springframework.boot.SpringApplication.refreshContext(SpringApplication.java:439)
	at org.springframework.boot.SpringApplication.run(SpringApplication.java:318)
	at org.springframework.boot.SpringApplication.run(SpringApplication.java:1361)
	at org.springframework.boot.SpringApplication.run(SpringApplication.java:1350)
	at com.concert.ticketing.ConcertTicketBookingApplication.main(ConcertTicketBookingApplication.java:12)
2026-02-06 07:30:58 [kafka-admin-client-thread | Concert Ticket Booking-admin-0] INFO  o.apache.kafka.clients.NetworkClient - [AdminClient clientId=Concert Ticket Booking-admin-0] Node -1 disconnected.
2026-02-06 07:30:58 [kafka-admin-client-thread | Concert Ticket Booking-admin-0] WARN  o.apache.kafka.clients.NetworkClient - [AdminClient clientId=Concert Ticket Booking-admin-0] Connection to node -1 (localhost/127.0.0.1:9092) could not be established. Node may not be available.
2026-02-06 07:31:00 [kafka-admin-client-thread | Concert Ticket Booking-admin-0] INFO  o.apache.kafka.clients.NetworkClient - [AdminClient clientId=Concert Ticket Booking-admin-0] Node -1 disconnected.
2026-02-06 07:31:00 [kafka-admin-client-thread | Concert Ticket Booking-admin-0] WARN  o.apache.kafka.clients.NetworkClient - [AdminClient clientId=Concert Ticket Booking-admin-0] Connection to node -1 (localhost/127.0.0.1:9092) could not be established. Node may not be available.
2026-02-06 07:31:01 [kafka-admin-client-thread | Concert Ticket Booking-admin-0] INFO  o.apache.kafka.clients.NetworkClient - [AdminClient clientId=Concert Ticket Booking-admin-0] Node -1 disconnected.
2026-02-06 07:31:01 [kafka-admin-client-thread | Concert Ticket Booking-admin-0] WARN  o.apache.kafka.clients.NetworkClient - [AdminClient clientId=Concert Ticket Booking-admin-0] Connection to node -1 (localhost/127.0.0.1:9092) could not be established. Node may not be available.
2026-02-06 07:31:01 [kafka-admin-client-thread | Concert Ticket Booking-admin-0] INFO  o.apache.kafka.clients.NetworkClient - [AdminClient clientId=Concert Ticket Booking-admin-0] Node -1 disconnected.
2026-02-06 07:31:01 [kafka-admin-client-thread | Concert Ticket Booking-admin-0] WARN  o.apache.kafka.clients.NetworkClient - [AdminClient clientId=Concert Ticket Booking-admin-0] Connection to node -1 (localhost/127.0.0.1:9092) could not be established. Node may not be available.
2026-02-06 07:31:02 [kafka-admin-client-thread | Concert Ticket Booking-admin-0] INFO  o.apache.kafka.clients.NetworkClient - [AdminClient clientId=Concert Ticket Booking-admin-0] Node -1 disconnected.
2026-02-06 07:31:02 [kafka-admin-client-thread | Concert Ticket Booking-admin-0] WARN  o.apache.kafka.clients.NetworkClient - [AdminClient clientId=Concert Ticket Booking-admin-0] Connection to node -1 (localhost/127.0.0.1:9092) could not be established. Node may not be available.
2026-02-06 07:31:03 [kafka-admin-client-thread | Concert Ticket Booking-admin-0] INFO  o.apache.kafka.clients.NetworkClient - [AdminClient clientId=Concert Ticket Booking-admin-0] Node -1 disconnected.
2026-02-06 07:31:03 [kafka-admin-client-thread | Concert Ticket Booking-admin-0] WARN  o.apache.kafka.clients.NetworkClient - [AdminClient clientId=Concert Ticket Booking-admin-0] Connection to node -1 (localhost/127.0.0.1:9092) could not be established. Node may not be available.
2026-02-06 07:31:04 [kafka-admin-client-thread | Concert Ticket Booking-admin-0] INFO  o.apache.kafka.clients.NetworkClient - [AdminClient clientId=Concert Ticket Booking-admin-0] Node -1 disconnected.
2026-02-06 07:31:04 [kafka-admin-client-thread | Concert Ticket Booking-admin-0] WARN  o.apache.kafka.clients.NetworkClient - [AdminClient clientId=Concert Ticket Booking-admin-0] Connection to node -1 (localhost/127.0.0.1:9092) could not be established. Node may not be available.
2026-02-06 07:31:05 [kafka-admin-client-thread | Concert Ticket Booking-admin-0] INFO  o.apache.kafka.clients.NetworkClient - [AdminClient clientId=Concert Ticket Booking-admin-0] Node -1 disconnected.
2026-02-06 07:31:05 [kafka-admin-client-thread | Concert Ticket Booking-admin-0] WARN  o.apache.kafka.clients.NetworkClient - [AdminClient clientId=Concert Ticket Booking-admin-0] Connection to node -1 (localhost/127.0.0.1:9092) could not be established. Node may not be available.
